# JRE version: OpenJDK Runtime Environment Temurin-21.0.10+7 (21.0.10+7) (build 21.0.10+7-LTS)
# Java VM: OpenJDK 64-Bit Server VM Temurin-21.0.10+7 (21.0.10+7-LTS, mixed mode, sharing, tiered, compressed oops, compressed class ptrs, parallel gc, windows-amd64)
GC Precious Log:
 CardTable entry size: 512
 CPUs: 12 total, 12 available
 Memory: 6005M
 Large Page Support: Disabled
 NUMA Support: Disabled
 Compressed Oops: Enabled (32-bit)
 Alignments: Space 512K, Generation 512K, Heap 2M
 Heap Min Capacity: 100M
 Heap Initial Capacity: 100M
 Heap Max Capacity: 2G
 Pre-touch: Disabled
 Parallel Workers: 10
Heap:
 PSYoungGen      total 8192K, used 4427K [0x00000000d5580000, 0x00000000d5e80000, 0x0000000100000000)
  eden space 7168K, 53% used [0x00000000d5580000,0x00000000d593aa20,0x00000000d5c80000)
  from space 1024K, 59% used [0x00000000d5d80000,0x00000000d5e18510,0x00000000d5e80000)
  to   space 1024K, 0% used [0x00000000d5c80000,0x00000000d5c80000,0x00000000d5d80000)
 ParOldGen       total 76800K, used 76298K [0x0000000080000000, 0x0000000084b00000, 0x00000000d5580000)
  object space 76800K, 99% used [0x0000000080000000,0x0000000084a82a50,0x0000000084b00000)
 Metaspace       used 62198K, committed 63616K, reserved 1114112K
  class space    used 6590K, committed 7232K, reserved 1048576K
GC Heap History (20 events):
Event: 15.918 GC heap before
{Heap before GC invocations=94 (full 3):
 PSYoungGen      total 9728K, used 9152K [0x00000000d5580000, 0x00000000d6000000, 0x0000000100000000)
  eden space 8704K, 100% used [0x00000000d5580000,0x00000000d5e00000,0x00000000d5e00000)
  from space 1024K, 43% used [0x00000000d5f00000,0x00000000d5f70000,0x00000000d6000000)
  to   space 1024K, 0% used [0x00000000d5e00000,0x00000000d5e00000,0x00000000d5f00000)
 ParOldGen       total 74240K, used 70067K [0x0000000080000000, 0x0000000084880000, 0x00000000d5580000)
  object space 74240K, 94% used [0x0000000080000000,0x000000008446ce28,0x0000000084880000)
 Metaspace       used 58626K, committed 60096K, reserved 1114112K
  class space    used 6254K, committed 6912K, reserved 1048576K
}
Event: 15.920 GC heap after
{Heap after GC invocations=94 (full 3):
 PSYoungGen      total 9728K, used 416K [0x00000000d5580000, 0x00000000d5f80000, 0x0000000100000000)
  eden space 8704K, 0% used [0x00000000d5580000,0x00000000d5580000,0x00000000d5e00000)
  from space 1024K, 40% used [0x00000000d5e00000,0x00000000d5e68000,0x00000000d5f00000)
  to   space 512K, 0% used [0x00000000d5f00000,0x00000000d5f00000,0x00000000d5f80000)
 ParOldGen       total 74240K, used 70275K [0x0000000080000000, 0x0000000084880000, 0x00000000d5580000)
  object space 74240K, 94% used [0x0000000080000000,0x00000000844a0e28,0x0000000084880000)
 Metaspace       used 58626K, committed 60096K, reserved 1114112K
  class space    used 6254K, committed 6912K, reserved 1048576K
}
Event: 16.051 GC heap before
{Heap before GC invocations=95 (full 3):
 PSYoungGen      total 9728K, used 9120K [0x00000000d5580000, 0x00000000d5f80000, 0x0000000100000000)
  eden space 8704K, 100% used [0x00000000d5580000,0x00000000d5e00000,0x00000000d5e00000)
  from space 1024K, 40% used [0x00000000d5e00000,0x00000000d5e68000,0x00000000d5f00000)
  to   space 512K, 0% used [0x00000000d5f00000,0x00000000d5f00000,0x00000000d5f80000)
 ParOldGen       total 74240K, used 70275K [0x0000000080000000, 0x0000000084880000, 0x00000000d5580000)
  object space 74240K, 94% used [0x0000000080000000,0x00000000844a0e28,0x0000000084880000)
 Metaspace       used 59254K, committed 60672K, reserved 1114112K
  class space    used 6326K, committed 6976K, reserved 1048576K
}
Event: 16.053 GC heap after
{Heap after GC invocations=95 (full 3):
 PSYoungGen      total 9216K, used 512K [0x00000000d5580000, 0x00000000d6000000, 0x0000000100000000)
  eden space 8704K, 0% used [0x00000000d5580000,0x00000000d5580000,0x00000000d5e00000)
  from space 512K, 100% used [0x00000000d5f00000,0x00000000d5f80000,0x00000000d5f80000)
  to   space 1024K, 0% used [0x00000000d5e00000,0x00000000d5e00000,0x00000000d5f00000)
 ParOldGen       total 74240K, used 70675K [0x0000000080000000, 0x0000000084880000, 0x00000000d5580000)
  object space 74240K, 95% used [0x0000000080000000,0x0000000084504e38,0x0000000084880000)
 Metaspace       used 59254K, committed 60672K, reserved 1114112K
  class space    used 6326K, committed 6976K, reserved 1048576K
}
Event: 16.210 GC heap before
{Heap before GC invocations=96 (full 3):
 PSYoungGen      total 9216K, used 9215K [0x00000000d5580000, 0x00000000d6000000, 0x0000000100000000)
  eden space 8704K, 99% used [0x00000000d5580000,0x00000000d5dfff78,0x00000000d5e00000)
  from space 512K, 100% used [0x00000000d5f00000,0x00000000d5f80000,0x00000000d5f80000)
  to   space 1024K, 0% used [0x00000000d5e00000,0x00000000d5e00000,0x00000000d5f00000)
 ParOldGen       total 74240K, used 70675K [0x0000000080000000, 0x0000000084880000, 0x00000000d5580000)
  object space 74240K, 95% used [0x0000000080000000,0x0000000084504e38,0x0000000084880000)
 Metaspace       used 59622K, committed 61056K, reserved 1114112K
  class space    used 6355K, committed 6976K, reserved 1048576K
}
Event: 16.212 GC heap after
{Heap after GC invocations=96 (full 3):
 PSYoungGen      total 9728K, used 881K [0x00000000d5580000, 0x00000000d6000000, 0x0000000100000000)
  eden space 8704K, 0% used [0x00000000d5580000,0x00000000d5580000,0x00000000d5e00000)
  from space 1024K, 86% used [0x00000000d5e00000,0x00000000d5edc658,0x00000000d5f00000)
  to   space 1024K, 0% used [0x00000000d5f00000,0x00000000d5f00000,0x00000000d6000000)
 ParOldGen       total 74240K, used 71075K [0x0000000080000000, 0x0000000084880000, 0x00000000d5580000)
  object space 74240K, 95% used [0x0000000080000000,0x0000000084568e38,0x0000000084880000)
 Metaspace       used 59622K, committed 61056K, reserved 1114112K
  class space    used 6355K, committed 6976K, reserved 1048576K
}
Event: 16.295 GC heap before
{Heap before GC invocations=97 (full 3):
 PSYoungGen      total 9728K, used 9495K [0x00000000d5580000, 0x00000000d6000000, 0x0000000100000000)
  eden space 8704K, 98% used [0x00000000d5580000,0x00000000d5de97d8,0x00000000d5e00000)
  from space 1024K, 86% used [0x00000000d5e00000,0x00000000d5edc658,0x00000000d5f00000)
  to   space 1024K, 0% used [0x00000000d5f00000,0x00000000d5f00000,0x00000000d6000000)
 ParOldGen       total 74240K, used 71075K [0x0000000080000000, 0x0000000084880000, 0x00000000d5580000)
  object space 74240K, 95% used [0x0000000080000000,0x0000000084568e38,0x0000000084880000)
 Metaspace       used 60119K, committed 61568K, reserved 1114112K
  class space    used 6400K, committed 7040K, reserved 1048576K
}
Event: 16.297 GC heap after
{Heap after GC invocations=97 (full 3):
 PSYoungGen      total 9728K, used 960K [0x00000000d5580000, 0x00000000d6000000, 0x0000000100000000)
  eden space 8704K, 0% used [0x00000000d5580000,0x00000000d5580000,0x00000000d5e00000)
  from space 1024K, 93% used [0x00000000d5f00000,0x00000000d5ff0030,0x00000000d6000000)
  to   space 1024K, 0% used [0x00000000d5e00000,0x00000000d5e00000,0x00000000d5f00000)
 ParOldGen       total 74240K, used 71687K [0x0000000080000000, 0x0000000084880000, 0x00000000d5580000)
  object space 74240K, 96% used [0x0000000080000000,0x0000000084601e48,0x0000000084880000)
 Metaspace       used 60119K, committed 61568K, reserved 1114112K
  class space    used 6400K, committed 7040K, reserved 1048576K
}
Event: 16.423 GC heap before
{Heap before GC invocations=98 (full 3):
 PSYoungGen      total 9728K, used 9664K [0x00000000d5580000, 0x00000000d6000000, 0x0000000100000000)
  eden space 8704K, 100% used [0x00000000d5580000,0x00000000d5e00000,0x00000000d5e00000)
  from space 1024K, 93% used [0x00000000d5f00000,0x00000000d5ff0030,0x00000000d6000000)
  to   space 1024K, 0% used [0x00000000d5e00000,0x00000000d5e00000,0x00000000d5f00000)
 ParOldGen       total 74240K, used 71687K [0x0000000080000000, 0x0000000084880000, 0x00000000d5580000)
  object space 74240K, 96% used [0x0000000080000000,0x0000000084601e48,0x0000000084880000)
 Metaspace       used 60587K, committed 62080K, reserved 1114112K
  class space    used 6441K, committed 7104K, reserved 1048576K
}
Event: 16.425 GC heap after
{Heap after GC invocations=98 (full 3):
 PSYoungGen      total 9728K, used 937K [0x00000000d5580000, 0x00000000d6000000, 0x0000000100000000)
  eden space 8704K, 0% used [0x00000000d5580000,0x00000000d5580000,0x00000000d5e00000)
  from space 1024K, 91% used [0x00000000d5e00000,0x00000000d5eea490,0x00000000d5f00000)
  to   space 1024K, 0% used [0x00000000d5f00000,0x00000000d5f00000,0x00000000d6000000)
 ParOldGen       total 74240K, used 72376K [0x0000000080000000, 0x0000000084880000, 0x00000000d5580000)
  object space 74240K, 97% used [0x0000000080000000,0x00000000846ae2b8,0x0000000084880000)
 Metaspace       used 60587K, committed 62080K, reserved 1114112K
  class space    used 6441K, committed 7104K, reserved 1048576K
}
Event: 16.623 GC heap before
{Heap before GC invocations=99 (full 3):
 PSYoungGen      total 9728K, used 9641K [0x00000000d5580000, 0x00000000d6000000, 0x0000000100000000)
  eden space 8704K, 100% used [0x00000000d5580000,0x00000000d5e00000,0x00000000d5e00000)
  from space 1024K, 91% used [0x00000000d5e00000,0x00000000d5eea490,0x00000000d5f00000)
  to   space 1024K, 0% used [0x00000000d5f00000,0x00000000d5f00000,0x00000000d6000000)
 ParOldGen       total 74240K, used 72376K [0x0000000080000000, 0x0000000084880000, 0x00000000d5580000)
  object space 74240K, 97% used [0x0000000080000000,0x00000000846ae2b8,0x0000000084880000)
 Metaspace       used 61365K, committed 62784K, reserved 1114112K
  class space    used 6518K, committed 7168K, reserved 1048576K
}
Event: 16.625 GC heap after
{Heap after GC invocations=99 (full 3):
 PSYoungGen      total 8192K, used 1021K [0x00000000d5580000, 0x00000000d6300000, 0x0000000100000000)
  eden space 7168K, 0% used [0x00000000d5580000,0x00000000d5580000,0x00000000d5c80000)
  from space 1024K, 99% used [0x00000000d5f00000,0x00000000d5fff600,0x00000000d6000000)
  to   space 2560K, 0% used [0x00000000d5c80000,0x00000000d5c80000,0x00000000d5f00000)
 ParOldGen       total 74240K, used 73385K [0x0000000080000000, 0x0000000084880000, 0x00000000d5580000)
  object space 74240K, 98% used [0x0000000080000000,0x00000000847aa530,0x0000000084880000)
 Metaspace       used 61365K, committed 62784K, reserved 1114112K
  class space    used 6518K, committed 7168K, reserved 1048576K
}
Event: 16.686 GC heap before
{Heap before GC invocations=100 (full 3):
 PSYoungGen      total 8192K, used 8189K [0x00000000d5580000, 0x00000000d6300000, 0x0000000100000000)
  eden space 7168K, 100% used [0x00000000d5580000,0x00000000d5c80000,0x00000000d5c80000)
  from space 1024K, 99% used [0x00000000d5f00000,0x00000000d5fff600,0x00000000d6000000)
  to   space 2560K, 0% used [0x00000000d5c80000,0x00000000d5c80000,0x00000000d5f00000)
 ParOldGen       total 74240K, used 73385K [0x0000000080000000, 0x0000000084880000, 0x00000000d5580000)
  object space 74240K, 98% used [0x0000000080000000,0x00000000847aa530,0x0000000084880000)
 Metaspace       used 61560K, committed 63104K, reserved 1114112K
  class space    used 6530K, committed 7232K, reserved 1048576K
}
Event: 16.689 GC heap after
{Heap after GC invocations=100 (full 3):
 PSYoungGen      total 8192K, used 794K [0x00000000d5580000, 0x00000000d5f80000, 0x0000000100000000)
  eden space 7168K, 0% used [0x00000000d5580000,0x00000000d5580000,0x00000000d5c80000)
  from space 1024K, 77% used [0x00000000d5c80000,0x00000000d5d46900,0x00000000d5d80000)
  to   space 1536K, 0% used [0x00000000d5e00000,0x00000000d5e00000,0x00000000d5f80000)
 ParOldGen       total 74752K, used 74514K [0x0000000080000000, 0x0000000084900000, 0x00000000d5580000)
  object space 74752K, 99% used [0x0000000080000000,0x00000000848c4840,0x0000000084900000)
 Metaspace       used 61560K, committed 63104K, reserved 1114112K
  class space    used 6530K, committed 7232K, reserved 1048576K
}
Event: 16.733 GC heap before
{Heap before GC invocations=101 (full 3):
 PSYoungGen      total 8192K, used 7962K [0x00000000d5580000, 0x00000000d5f80000, 0x0000000100000000)
  eden space 7168K, 99% used [0x00000000d5580000,0x00000000d5c7ffc0,0x00000000d5c80000)
  from space 1024K, 77% used [0x00000000d5c80000,0x00000000d5d46900,0x00000000d5d80000)
  to   space 1536K, 0% used [0x00000000d5e00000,0x00000000d5e00000,0x00000000d5f80000)
 ParOldGen       total 74752K, used 74514K [0x0000000080000000, 0x0000000084900000, 0x00000000d5580000)
  object space 74752K, 99% used [0x0000000080000000,0x00000000848c4840,0x0000000084900000)
 Metaspace       used 61614K, committed 63104K, reserved 1114112K
  class space    used 6531K, committed 7232K, reserved 1048576K
}
Event: 16.735 GC heap after
{Heap after GC invocations=101 (full 3):
 PSYoungGen      total 8704K, used 1166K [0x00000000d5580000, 0x00000000d5f80000, 0x0000000100000000)
  eden space 7168K, 0% used [0x00000000d5580000,0x00000000d5580000,0x00000000d5c80000)
  from space 1536K, 75% used [0x00000000d5e00000,0x00000000d5f23b20,0x00000000d5f80000)
  to   space 1536K, 0% used [0x00000000d5c80000,0x00000000d5c80000,0x00000000d5e00000)
 ParOldGen       total 75264K, used 75162K [0x0000000080000000, 0x0000000084980000, 0x00000000d5580000)
  object space 75264K, 99% used [0x0000000080000000,0x0000000084966930,0x0000000084980000)
 Metaspace       used 61614K, committed 63104K, reserved 1114112K
  class space    used 6531K, committed 7232K, reserved 1048576K
}
Event: 16.910 GC heap before
{Heap before GC invocations=102 (full 3):
 PSYoungGen      total 8704K, used 8334K [0x00000000d5580000, 0x00000000d5f80000, 0x0000000100000000)
  eden space 7168K, 100% used [0x00000000d5580000,0x00000000d5c80000,0x00000000d5c80000)
  from space 1536K, 75% used [0x00000000d5e00000,0x00000000d5f23b20,0x00000000d5f80000)
  to   space 1536K, 0% used [0x00000000d5c80000,0x00000000d5c80000,0x00000000d5e00000)
 ParOldGen       total 75264K, used 75162K [0x0000000080000000, 0x0000000084980000, 0x00000000d5580000)
  object space 75264K, 99% used [0x0000000080000000,0x0000000084966930,0x0000000084980000)
 Metaspace       used 61720K, committed 63232K, reserved 1114112K
  class space    used 6536K, committed 7232K, reserved 1048576K
}
Event: 16.912 GC heap after
{Heap after GC invocations=102 (full 3):
 PSYoungGen      total 7680K, used 384K [0x00000000d5580000, 0x00000000d5e80000, 0x0000000100000000)
  eden space 7168K, 0% used [0x00000000d5580000,0x00000000d5580000,0x00000000d5c80000)
  from space 512K, 75% used [0x00000000d5c80000,0x00000000d5ce0000,0x00000000d5d00000)
  to   space 1024K, 0% used [0x00000000d5d80000,0x00000000d5d80000,0x00000000d5e80000)
 ParOldGen       total 76288K, used 75998K [0x0000000080000000, 0x0000000084a80000, 0x00000000d5580000)
  object space 76288K, 99% used [0x0000000080000000,0x0000000084a37b50,0x0000000084a80000)
 Metaspace       used 61720K, committed 63232K, reserved 1114112K
  class space    used 6536K, committed 7232K, reserved 1048576K
}
Event: 17.317 GC heap before
{Heap before GC invocations=103 (full 3):
 PSYoungGen      total 7680K, used 7552K [0x00000000d5580000, 0x00000000d5e80000, 0x0000000100000000)
  eden space 7168K, 100% used [0x00000000d5580000,0x00000000d5c80000,0x00000000d5c80000)
  from space 512K, 75% used [0x00000000d5c80000,0x00000000d5ce0000,0x00000000d5d00000)
  to   space 1024K, 0% used [0x00000000d5d80000,0x00000000d5d80000,0x00000000d5e80000)
 ParOldGen       total 76288K, used 75998K [0x0000000080000000, 0x0000000084a80000, 0x00000000d5580000)
  object space 76288K, 99% used [0x0000000080000000,0x0000000084a37b50,0x0000000084a80000)
 Metaspace       used 62090K, committed 63552K, reserved 1114112K
  class space    used 6585K, committed 7232K, reserved 1048576K
}
Event: 17.319 GC heap after
{Heap after GC invocations=103 (full 3):
 PSYoungGen      total 8192K, used 609K [0x00000000d5580000, 0x00000000d5e80000, 0x0000000100000000)
  eden space 7168K, 0% used [0x00000000d5580000,0x00000000d5580000,0x00000000d5c80000)
  from space 1024K, 59% used [0x00000000d5d80000,0x00000000d5e18510,0x00000000d5e80000)
  to   space 1024K, 0% used [0x00000000d5c80000,0x00000000d5c80000,0x00000000d5d80000)
 ParOldGen       total 76800K, used 76298K [0x0000000080000000, 0x0000000084b00000, 0x00000000d5580000)
  object space 76800K, 99% used [0x0000000080000000,0x0000000084a82a50,0x0000000084b00000)
 Metaspace       used 62090K, committed 63552K, reserved 1114112K
  class space    used 6585K, committed 7232K, reserved 1048576K
}

