# JRE version: OpenJDK Runtime Environment Temurin-21.0.10+7 (21.0.10+7) (build 21.0.10+7-LTS)
# Java VM: OpenJDK 64-Bit Server VM Temurin-21.0.10+7 (21.0.10+7-LTS, mixed mode, sharing, tiered, compressed oops, compressed class ptrs, parallel gc, windows-amd64)
GC Precious Log:
 CardTable entry size: 512
 CPUs: 12 total, 12 available
 Memory: 6005M
 Large Page Support: Disabled
 NUMA Support: Disabled
 Compressed Oops: Enabled (32-bit)
 Alignments: Space 512K, Generation 512K, Heap 2M
 Heap Min Capacity: 100M
 Heap Initial Capacity: 100M
 Heap Max Capacity: 2G
 Pre-touch: Disabled
 Parallel Workers: 10
Heap:
 PSYoungGen      total 13824K, used 12265K [0x00000000d5580000, 0x00000000d6580000, 0x0000000100000000)
  eden space 13312K, 88% used [0x00000000d5580000,0x00000000d60fe208,0x00000000d6280000)
  from space 512K, 97% used [0x00000000d6480000,0x00000000d64fc5b0,0x00000000d6500000)
  to   space 512K, 0% used [0x00000000d6500000,0x00000000d6500000,0x00000000d6580000)
 ParOldGen       total 108544K, used 108035K [0x0000000080000000, 0x0000000086a00000, 0x00000000d5580000)
  object space 108544K, 99% used [0x0000000080000000,0x0000000086980f88,0x0000000086a00000)
 Metaspace       used 72338K, committed 73920K, reserved 1179648K
  class space    used 7675K, committed 8384K, reserved 1048576K
GC Heap History (20 events):
Event: 17.929 GC heap before
{Heap before GC invocations=121 (full 3):
 PSYoungGen      total 17920K, used 17564K [0x00000000d5580000, 0x00000000d6900000, 0x0000000100000000)
  eden space 15872K, 99% used [0x00000000d5580000,0x00000000d64fffe8,0x00000000d6500000)
  from space 2048K, 82% used [0x00000000d6500000,0x00000000d66a7078,0x00000000d6700000)
  to   space 2048K, 0% used [0x00000000d6700000,0x00000000d6700000,0x00000000d6900000)
 ParOldGen       total 95232K, used 95088K [0x0000000080000000, 0x0000000085d00000, 0x00000000d5580000)
  object space 95232K, 99% used [0x0000000080000000,0x0000000085cdc010,0x0000000085d00000)
 Metaspace       used 67101K, committed 68672K, reserved 1114112K
  class space    used 7198K, committed 7872K, reserved 1048576K
}
Event: 17.932 GC heap after
{Heap after GC invocations=121 (full 3):
 PSYoungGen      total 17408K, used 1152K [0x00000000d5580000, 0x00000000d6880000, 0x0000000100000000)
  eden space 15872K, 0% used [0x00000000d5580000,0x00000000d5580000,0x00000000d6500000)
  from space 1536K, 75% used [0x00000000d6700000,0x00000000d6820000,0x00000000d6880000)
  to   space 1536K, 0% used [0x00000000d6580000,0x00000000d6580000,0x00000000d6700000)
 ParOldGen       total 96256K, used 96090K [0x0000000080000000, 0x0000000085e00000, 0x00000000d5580000)
  object space 96256K, 99% used [0x0000000080000000,0x0000000085dd6828,0x0000000085e00000)
 Metaspace       used 67101K, committed 68672K, reserved 1114112K
  class space    used 7198K, committed 7872K, reserved 1048576K
}
Event: 18.222 GC heap before
{Heap before GC invocations=122 (full 3):
 PSYoungGen      total 17408K, used 17024K [0x00000000d5580000, 0x00000000d6880000, 0x0000000100000000)
  eden space 15872K, 100% used [0x00000000d5580000,0x00000000d6500000,0x00000000d6500000)
  from space 1536K, 75% used [0x00000000d6700000,0x00000000d6820000,0x00000000d6880000)
  to   space 1536K, 0% used [0x00000000d6580000,0x00000000d6580000,0x00000000d6700000)
 ParOldGen       total 96256K, used 96090K [0x0000000080000000, 0x0000000085e00000, 0x00000000d5580000)
  object space 96256K, 99% used [0x0000000080000000,0x0000000085dd6828,0x0000000085e00000)
 Metaspace       used 67939K, committed 69504K, reserved 1114112K
  class space    used 7286K, committed 7936K, reserved 1048576K
}
Event: 18.226 GC heap after
{Heap after GC invocations=122 (full 3):
 PSYoungGen      total 17408K, used 1526K [0x00000000d5580000, 0x00000000d6d00000, 0x0000000100000000)
  eden space 15872K, 0% used [0x00000000d5580000,0x00000000d5580000,0x00000000d6500000)
  from space 1536K, 99% used [0x00000000d6580000,0x00000000d66fd9b8,0x00000000d6700000)
  to   space 4096K, 0% used [0x00000000d6900000,0x00000000d6900000,0x00000000d6d00000)
 ParOldGen       total 98304K, used 98071K [0x0000000080000000, 0x0000000086000000, 0x00000000d5580000)
  object space 98304K, 99% used [0x0000000080000000,0x0000000085fc5cd8,0x0000000086000000)
 Metaspace       used 67939K, committed 69504K, reserved 1114112K
  class space    used 7286K, committed 7936K, reserved 1048576K
}
Event: 18.427 GC heap before
{Heap before GC invocations=123 (full 3):
 PSYoungGen      total 17408K, used 17397K [0x00000000d5580000, 0x00000000d6d00000, 0x0000000100000000)
  eden space 15872K, 99% used [0x00000000d5580000,0x00000000d64ffce0,0x00000000d6500000)
  from space 1536K, 99% used [0x00000000d6580000,0x00000000d66fd9b8,0x00000000d6700000)
  to   space 4096K, 0% used [0x00000000d6900000,0x00000000d6900000,0x00000000d6d00000)
 ParOldGen       total 98304K, used 98071K [0x0000000080000000, 0x0000000086000000, 0x00000000d5580000)
  object space 98304K, 99% used [0x0000000080000000,0x0000000085fc5cd8,0x0000000086000000)
 Metaspace       used 69409K, committed 71040K, reserved 1114112K
  class space    used 7429K, committed 8128K, reserved 1048576K
}
Event: 18.480 GC heap after
{Heap after GC invocations=123 (full 3):
 PSYoungGen      total 17920K, used 1536K [0x00000000d5580000, 0x00000000d6b00000, 0x0000000100000000)
  eden space 15872K, 0% used [0x00000000d5580000,0x00000000d5580000,0x00000000d6500000)
  from space 2048K, 75% used [0x00000000d6900000,0x00000000d6a80060,0x00000000d6b00000)
  to   space 2560K, 0% used [0x00000000d6600000,0x00000000d6600000,0x00000000d6880000)
 ParOldGen       total 99840K, used 99561K [0x0000000080000000, 0x0000000086180000, 0x00000000d5580000)
  object space 99840K, 99% used [0x0000000080000000,0x000000008613a638,0x0000000086180000)
 Metaspace       used 69409K, committed 71040K, reserved 1114112K
  class space    used 7429K, committed 8128K, reserved 1048576K
}
Event: 18.582 GC heap before
{Heap before GC invocations=124 (full 3):
 PSYoungGen      total 17920K, used 16060K [0x00000000d5580000, 0x00000000d6b00000, 0x0000000100000000)
  eden space 15872K, 91% used [0x00000000d5580000,0x00000000d63af0a8,0x00000000d6500000)
  from space 2048K, 75% used [0x00000000d6900000,0x00000000d6a80060,0x00000000d6b00000)
  to   space 2560K, 0% used [0x00000000d6600000,0x00000000d6600000,0x00000000d6880000)
 ParOldGen       total 99840K, used 99561K [0x0000000080000000, 0x0000000086180000, 0x00000000d5580000)
  object space 99840K, 99% used [0x0000000080000000,0x000000008613a638,0x0000000086180000)
 Metaspace       used 69913K, committed 71488K, reserved 1114112K
  class space    used 7460K, committed 8128K, reserved 1048576K
}
Event: 18.585 GC heap after
{Heap after GC invocations=124 (full 3):
 PSYoungGen      total 17408K, used 1341K [0x00000000d5580000, 0x00000000d6980000, 0x0000000100000000)
  eden space 15872K, 0% used [0x00000000d5580000,0x00000000d5580000,0x00000000d6500000)
  from space 1536K, 87% used [0x00000000d6600000,0x00000000d674f6d0,0x00000000d6780000)
  to   space 1536K, 0% used [0x00000000d6800000,0x00000000d6800000,0x00000000d6980000)
 ParOldGen       total 101376K, used 100914K [0x0000000080000000, 0x0000000086300000, 0x00000000d5580000)
  object space 101376K, 99% used [0x0000000080000000,0x000000008628cb68,0x0000000086300000)
 Metaspace       used 69913K, committed 71488K, reserved 1114112K
  class space    used 7460K, committed 8128K, reserved 1048576K
}
Event: 18.678 GC heap before
{Heap before GC invocations=125 (full 3):
 PSYoungGen      total 17408K, used 17200K [0x00000000d5580000, 0x00000000d6980000, 0x0000000100000000)
  eden space 15872K, 99% used [0x00000000d5580000,0x00000000d64fcb08,0x00000000d6500000)
  from space 1536K, 87% used [0x00000000d6600000,0x00000000d674f6d0,0x00000000d6780000)
  to   space 1536K, 0% used [0x00000000d6800000,0x00000000d6800000,0x00000000d6980000)
 ParOldGen       total 101376K, used 100914K [0x0000000080000000, 0x0000000086300000, 0x00000000d5580000)
  object space 101376K, 99% used [0x0000000080000000,0x000000008628cb68,0x0000000086300000)
 Metaspace       used 70373K, committed 72000K, reserved 1114112K
  class space    used 7488K, committed 8192K, reserved 1048576K
}
Event: 18.681 GC heap after
{Heap after GC invocations=125 (full 3):
 PSYoungGen      total 14848K, used 1506K [0x00000000d5580000, 0x00000000d7000000, 0x0000000100000000)
  eden space 13312K, 0% used [0x00000000d5580000,0x00000000d5580000,0x00000000d6280000)
  from space 1536K, 98% used [0x00000000d6800000,0x00000000d69789a8,0x00000000d6980000)
  to   space 5632K, 0% used [0x00000000d6280000,0x00000000d6280000,0x00000000d6800000)
 ParOldGen       total 104448K, used 104218K [0x0000000080000000, 0x0000000086600000, 0x00000000d5580000)
  object space 104448K, 99% used [0x0000000080000000,0x00000000865c6bc0,0x0000000086600000)
 Metaspace       used 70373K, committed 72000K, reserved 1114112K
  class space    used 7488K, committed 8192K, reserved 1048576K
}
Event: 18.801 GC heap before
{Heap before GC invocations=126 (full 3):
 PSYoungGen      total 14848K, used 14818K [0x00000000d5580000, 0x00000000d7000000, 0x0000000100000000)
  eden space 13312K, 100% used [0x00000000d5580000,0x00000000d6280000,0x00000000d6280000)
  from space 1536K, 98% used [0x00000000d6800000,0x00000000d69789a8,0x00000000d6980000)
  to   space 5632K, 0% used [0x00000000d6280000,0x00000000d6280000,0x00000000d6800000)
 ParOldGen       total 104448K, used 104218K [0x0000000080000000, 0x0000000086600000, 0x00000000d5580000)
  object space 104448K, 99% used [0x0000000080000000,0x00000000865c6bc0,0x0000000086600000)
 Metaspace       used 70845K, committed 72448K, reserved 1114112K
  class space    used 7522K, committed 8192K, reserved 1048576K
}
Event: 18.804 GC heap after
{Heap after GC invocations=126 (full 3):
 PSYoungGen      total 14848K, used 1457K [0x00000000d5580000, 0x00000000d6880000, 0x0000000100000000)
  eden space 13312K, 0% used [0x00000000d5580000,0x00000000d5580000,0x00000000d6280000)
  from space 1536K, 94% used [0x00000000d6280000,0x00000000d63ec6e8,0x00000000d6400000)
  to   space 3072K, 0% used [0x00000000d6580000,0x00000000d6580000,0x00000000d6880000)
 ParOldGen       total 105984K, used 105601K [0x0000000080000000, 0x0000000086780000, 0x00000000d5580000)
  object space 105984K, 99% used [0x0000000080000000,0x0000000086720478,0x0000000086780000)
 Metaspace       used 70845K, committed 72448K, reserved 1114112K
  class space    used 7522K, committed 8192K, reserved 1048576K
}
Event: 19.025 GC heap before
{Heap before GC invocations=127 (full 3):
 PSYoungGen      total 14848K, used 14762K [0x00000000d5580000, 0x00000000d6880000, 0x0000000100000000)
  eden space 13312K, 99% used [0x00000000d5580000,0x00000000d627e310,0x00000000d6280000)
  from space 1536K, 94% used [0x00000000d6280000,0x00000000d63ec6e8,0x00000000d6400000)
  to   space 3072K, 0% used [0x00000000d6580000,0x00000000d6580000,0x00000000d6880000)
 ParOldGen       total 105984K, used 105601K [0x0000000080000000, 0x0000000086780000, 0x00000000d5580000)
  object space 105984K, 99% used [0x0000000080000000,0x0000000086720478,0x0000000086780000)
 Metaspace       used 71430K, committed 73024K, reserved 1179648K
  class space    used 7586K, committed 8256K, reserved 1048576K
}
Event: 19.027 GC heap after
{Heap after GC invocations=127 (full 3):
 PSYoungGen      total 14336K, used 564K [0x00000000d5580000, 0x00000000d6680000, 0x0000000100000000)
  eden space 13312K, 0% used [0x00000000d5580000,0x00000000d5580000,0x00000000d6280000)
  from space 1024K, 55% used [0x00000000d6580000,0x00000000d660d200,0x00000000d6680000)
  to   space 1536K, 0% used [0x00000000d6380000,0x00000000d6380000,0x00000000d6500000)
 ParOldGen       total 107008K, used 106810K [0x0000000080000000, 0x0000000086880000, 0x00000000d5580000)
  object space 107008K, 99% used [0x0000000080000000,0x000000008684eb60,0x0000000086880000)
 Metaspace       used 71430K, committed 73024K, reserved 1179648K
  class space    used 7586K, committed 8256K, reserved 1048576K
}
Event: 19.102 GC heap before
{Heap before GC invocations=128 (full 3):
 PSYoungGen      total 14336K, used 13876K [0x00000000d5580000, 0x00000000d6680000, 0x0000000100000000)
  eden space 13312K, 99% used [0x00000000d5580000,0x00000000d627ffa8,0x00000000d6280000)
  from space 1024K, 55% used [0x00000000d6580000,0x00000000d660d200,0x00000000d6680000)
  to   space 1536K, 0% used [0x00000000d6380000,0x00000000d6380000,0x00000000d6500000)
 ParOldGen       total 107008K, used 106810K [0x0000000080000000, 0x0000000086880000, 0x00000000d5580000)
  object space 107008K, 99% used [0x0000000080000000,0x000000008684eb60,0x0000000086880000)
 Metaspace       used 71443K, committed 73024K, reserved 1179648K
  class space    used 7586K, committed 8256K, reserved 1048576K
}
Event: 19.103 GC heap after
{Heap after GC invocations=128 (full 3):
 PSYoungGen      total 14848K, used 372K [0x00000000d5580000, 0x00000000d6600000, 0x0000000100000000)
  eden space 13312K, 0% used [0x00000000d5580000,0x00000000d5580000,0x00000000d6280000)
  from space 1536K, 24% used [0x00000000d6380000,0x00000000d63dd220,0x00000000d6500000)
  to   space 1024K, 0% used [0x00000000d6500000,0x00000000d6500000,0x00000000d6600000)
 ParOldGen       total 107520K, used 107186K [0x0000000080000000, 0x0000000086900000, 0x00000000d5580000)
  object space 107520K, 99% used [0x0000000080000000,0x00000000868acb60,0x0000000086900000)
 Metaspace       used 71443K, committed 73024K, reserved 1179648K
  class space    used 7586K, committed 8256K, reserved 1048576K
}
Event: 19.918 GC heap before
{Heap before GC invocations=129 (full 3):
 PSYoungGen      total 14848K, used 13684K [0x00000000d5580000, 0x00000000d6600000, 0x0000000100000000)
  eden space 13312K, 100% used [0x00000000d5580000,0x00000000d6280000,0x00000000d6280000)
  from space 1536K, 24% used [0x00000000d6380000,0x00000000d63dd220,0x00000000d6500000)
  to   space 1024K, 0% used [0x00000000d6500000,0x00000000d6500000,0x00000000d6600000)
 ParOldGen       total 107520K, used 107186K [0x0000000080000000, 0x0000000086900000, 0x00000000d5580000)
  object space 107520K, 99% used [0x0000000080000000,0x00000000868acb60,0x0000000086900000)
 Metaspace       used 71819K, committed 73408K, reserved 1179648K
  class space    used 7618K, committed 8320K, reserved 1048576K
}
Event: 19.919 GC heap after
{Heap after GC invocations=129 (full 3):
 PSYoungGen      total 13824K, used 480K [0x00000000d5580000, 0x00000000d6580000, 0x0000000100000000)
  eden space 13312K, 0% used [0x00000000d5580000,0x00000000d5580000,0x00000000d6280000)
  from space 512K, 93% used [0x00000000d6500000,0x00000000d6578000,0x00000000d6580000)
  to   space 512K, 0% used [0x00000000d6480000,0x00000000d6480000,0x00000000d6500000)
 ParOldGen       total 107520K, used 107402K [0x0000000080000000, 0x0000000086900000, 0x00000000d5580000)
  object space 107520K, 99% used [0x0000000080000000,0x00000000868e2b80,0x0000000086900000)
 Metaspace       used 71819K, committed 73408K, reserved 1179648K
  class space    used 7618K, committed 8320K, reserved 1048576K
}
Event: 401.412 GC heap before
{Heap before GC invocations=130 (full 3):
 PSYoungGen      total 13824K, used 13791K [0x00000000d5580000, 0x00000000d6580000, 0x0000000100000000)
  eden space 13312K, 99% used [0x00000000d5580000,0x00000000d627ffe8,0x00000000d6280000)
  from space 512K, 93% used [0x00000000d6500000,0x00000000d6578000,0x00000000d6580000)
  to   space 512K, 0% used [0x00000000d6480000,0x00000000d6480000,0x00000000d6500000)
 ParOldGen       total 107520K, used 107402K [0x0000000080000000, 0x0000000086900000, 0x00000000d5580000)
  object space 107520K, 99% used [0x0000000080000000,0x00000000868e2b80,0x0000000086900000)
 Metaspace       used 72302K, committed 73920K, reserved 1179648K
  class space    used 7674K, committed 8384K, reserved 1048576K
}
Event: 401.502 GC heap after
{Heap after GC invocations=130 (full 3):
 PSYoungGen      total 13824K, used 497K [0x00000000d5580000, 0x00000000d6580000, 0x0000000100000000)
  eden space 13312K, 0% used [0x00000000d5580000,0x00000000d5580000,0x00000000d6280000)
  from space 512K, 97% used [0x00000000d6480000,0x00000000d64fc5b0,0x00000000d6500000)
  to   space 512K, 0% used [0x00000000d6500000,0x00000000d6500000,0x00000000d6580000)
 ParOldGen       total 108544K, used 108035K [0x0000000080000000, 0x0000000086a00000, 0x00000000d5580000)
  object space 108544K, 99% used [0x0000000080000000,0x0000000086980f88,0x0000000086a00000)
 Metaspace       used 72302K, committed 73920K, reserved 1179648K
  class space    used 7674K, committed 8384K, reserved 1048576K
}

